2026-05-09 15:06:12,535 - INFO - 开始自动探索买入策略程序
2026-05-09 15:06:12,535 - INFO - 测试第 1/3 组参数: {'macd_fast': 12, 'macd_slow': 26, 'macd_signal': 9, 'volume_multiplier': 1.5}
2026-05-09 15:06:12,535 - INFO - 生成新配置参数: {'macd_fast': 12, 'macd_slow': 26, 'macd_signal': 9, 'volume_multiplier': 1.5}
2026-05-09 15:06:12,536 - INFO - 正在重启监控进程...
2026-05-09 15:06:21,712 - INFO - 监控进程重启完成
2026-05-09 15:06:21,712 - INFO - 等待10分钟收集数据...
2026-05-09 15:16:21,713 - INFO - 参数组合 {'macd_fast': 12, 'macd_slow': 26, 'macd_signal': 9, 'volume_multiplier': 1.5} 得分: nan, 胜率: 0.00%
2026-05-09 15:16:21,715 - INFO - 测试第 2/3 组参数: {'macd_fast': 10, 'macd_slow': 22, 'macd_signal': 7, 'volume_multiplier': 1.8}
2026-05-09 15:16:21,715 - INFO - 生成新配置参数: {'macd_fast': 10, 'macd_slow': 22, 'macd_signal': 7, 'volume_multiplier': 1.8}
2026-05-09 15:16:21,715 - INFO - 正在重启监控进程...
2026-05-09 15:16:35,387 - INFO - 监控进程重启完成
2026-05-09 15:16:35,387 - INFO - 等待10分钟收集数据...
2026-05-09 15:26:35,388 - INFO - 参数组合 {'macd_fast': 10, 'macd_slow': 22, 'macd_signal': 7, 'volume_multiplier': 1.8} 得分: nan, 胜率: 0.00%
2026-05-09 15:26:35,388 - INFO - 测试第 3/3 组参数: {'macd_fast': 14, 'macd_slow': 30, 'macd_signal': 10, 'volume_multiplier': 2.0}
2026-05-09 15:26:35,388 - INFO - 生成新配置参数: {'macd_fast': 14, 'macd_slow': 30, 'macd_signal': 10, 'volume_multiplier': 2.0}
2026-05-09 15:26:35,389 - INFO - 正在重启监控进程...
2026-05-09 15:26:49,031 - INFO - 监控进程重启完成
2026-05-09 15:26:49,031 - INFO - 等待10分钟收集数据...
2026-05-09 15:36:49,032 - INFO - 参数组合 {'macd_fast': 14, 'macd_slow': 30, 'macd_signal': 10, 'volume_multiplier': 2.0} 得分: nan, 胜率: 0.00%
2026-05-09 15:36:49,033 - INFO - 最佳参数组合: {}, 得分: 0.0000
2026-05-09 15:36:49,033 - INFO - 自动探索买入策略程序完成
