2026-05-08 09:52:41,358 - INFO - 开始自动探索买入策略程序
2026-05-08 09:52:41,358 - INFO - 测试第 1/3 组参数: {'macd_fast': 12, 'macd_slow': 26, 'macd_signal': 9, 'volume_multiplier': 1.5}
2026-05-08 09:52:41,358 - INFO - 生成新配置参数: {'macd_fast': 12, 'macd_slow': 26, 'macd_signal': 9, 'volume_multiplier': 1.5}
2026-05-08 09:52:41,359 - INFO - 正在重启监控进程...
2026-05-08 09:52:50,192 - INFO - 监控进程重启完成
2026-05-08 09:52:50,192 - INFO - 等待10分钟收集数据...
2026-05-08 10:02:50,194 - INFO - 参数组合 {'macd_fast': 12, 'macd_slow': 26, 'macd_signal': 9, 'volume_multiplier': 1.5} 得分: nan, 胜率: 0.00%
2026-05-08 10:02:50,194 - INFO - 测试第 2/3 组参数: {'macd_fast': 10, 'macd_slow': 22, 'macd_signal': 7, 'volume_multiplier': 1.8}
2026-05-08 10:02:50,194 - INFO - 生成新配置参数: {'macd_fast': 10, 'macd_slow': 22, 'macd_signal': 7, 'volume_multiplier': 1.8}
2026-05-08 10:02:50,194 - INFO - 正在重启监控进程...
2026-05-08 10:03:03,834 - INFO - 监控进程重启完成
2026-05-08 10:03:03,834 - INFO - 等待10分钟收集数据...
2026-05-08 10:13:03,835 - INFO - 参数组合 {'macd_fast': 10, 'macd_slow': 22, 'macd_signal': 7, 'volume_multiplier': 1.8} 得分: nan, 胜率: 0.00%
2026-05-08 10:13:03,836 - INFO - 测试第 3/3 组参数: {'macd_fast': 14, 'macd_slow': 30, 'macd_signal': 10, 'volume_multiplier': 2.0}
2026-05-08 10:13:03,836 - INFO - 生成新配置参数: {'macd_fast': 14, 'macd_slow': 30, 'macd_signal': 10, 'volume_multiplier': 2.0}
2026-05-08 10:13:03,837 - INFO - 正在重启监控进程...
2026-05-08 10:13:17,476 - INFO - 监控进程重启完成
2026-05-08 10:13:17,476 - INFO - 等待10分钟收集数据...
2026-05-08 10:23:17,477 - INFO - 参数组合 {'macd_fast': 14, 'macd_slow': 30, 'macd_signal': 10, 'volume_multiplier': 2.0} 得分: nan, 胜率: 0.00%
2026-05-08 10:23:17,478 - INFO - 最佳参数组合: {}, 得分: 0.0000
2026-05-08 10:23:17,478 - INFO - 自动探索买入策略程序完成
2026-05-09 12:49:03,138 - INFO - 开始自动探索买入策略程序
2026-05-09 12:49:03,139 - INFO - 测试第 1/3 组参数: {'macd_fast': 12, 'macd_slow': 26, 'macd_signal': 9, 'volume_multiplier': 1.5}
2026-05-09 12:49:03,139 - INFO - 生成新配置参数: {'macd_fast': 12, 'macd_slow': 26, 'macd_signal': 9, 'volume_multiplier': 1.5}
2026-05-09 12:49:03,140 - INFO - 正在重启监控进程...
2026-05-09 12:49:11,883 - INFO - 监控进程重启完成
2026-05-09 12:49:11,883 - INFO - 等待10分钟收集数据...
2026-05-09 12:59:11,885 - INFO - 参数组合 {'macd_fast': 12, 'macd_slow': 26, 'macd_signal': 9, 'volume_multiplier': 1.5} 得分: nan, 胜率: 0.00%
2026-05-09 12:59:11,885 - INFO - 测试第 2/3 组参数: {'macd_fast': 10, 'macd_slow': 22, 'macd_signal': 7, 'volume_multiplier': 1.8}
2026-05-09 12:59:11,885 - INFO - 生成新配置参数: {'macd_fast': 10, 'macd_slow': 22, 'macd_signal': 7, 'volume_multiplier': 1.8}
2026-05-09 12:59:11,885 - INFO - 正在重启监控进程...
2026-05-09 12:59:25,547 - INFO - 监控进程重启完成
2026-05-09 12:59:25,547 - INFO - 等待10分钟收集数据...
2026-05-09 13:09:25,548 - INFO - 参数组合 {'macd_fast': 10, 'macd_slow': 22, 'macd_signal': 7, 'volume_multiplier': 1.8} 得分: nan, 胜率: 0.00%
2026-05-09 13:09:25,548 - INFO - 测试第 3/3 组参数: {'macd_fast': 14, 'macd_slow': 30, 'macd_signal': 10, 'volume_multiplier': 2.0}
2026-05-09 13:09:25,548 - INFO - 生成新配置参数: {'macd_fast': 14, 'macd_slow': 30, 'macd_signal': 10, 'volume_multiplier': 2.0}
2026-05-09 13:09:25,549 - INFO - 正在重启监控进程...
2026-05-09 13:09:39,159 - INFO - 监控进程重启完成
2026-05-09 13:09:39,160 - INFO - 等待10分钟收集数据...
2026-05-09 13:19:39,161 - INFO - 参数组合 {'macd_fast': 14, 'macd_slow': 30, 'macd_signal': 10, 'volume_multiplier': 2.0} 得分: nan, 胜率: 0.00%
2026-05-09 13:19:39,161 - INFO - 最佳参数组合: {}, 得分: 0.0000
2026-05-09 13:19:39,161 - INFO - 自动探索买入策略程序完成
2026-05-09 15:06:12,535 - INFO - 开始自动探索买入策略程序
2026-05-09 15:06:12,535 - INFO - 测试第 1/3 组参数: {'macd_fast': 12, 'macd_slow': 26, 'macd_signal': 9, 'volume_multiplier': 1.5}
2026-05-09 15:06:12,535 - INFO - 生成新配置参数: {'macd_fast': 12, 'macd_slow': 26, 'macd_signal': 9, 'volume_multiplier': 1.5}
2026-05-09 15:06:12,536 - INFO - 正在重启监控进程...
2026-05-09 15:06:21,712 - INFO - 监控进程重启完成
2026-05-09 15:06:21,712 - INFO - 等待10分钟收集数据...
2026-05-09 15:16:21,713 - INFO - 参数组合 {'macd_fast': 12, 'macd_slow': 26, 'macd_signal': 9, 'volume_multiplier': 1.5} 得分: nan, 胜率: 0.00%
2026-05-09 15:16:21,715 - INFO - 测试第 2/3 组参数: {'macd_fast': 10, 'macd_slow': 22, 'macd_signal': 7, 'volume_multiplier': 1.8}
2026-05-09 15:16:21,715 - INFO - 生成新配置参数: {'macd_fast': 10, 'macd_slow': 22, 'macd_signal': 7, 'volume_multiplier': 1.8}
2026-05-09 15:16:21,715 - INFO - 正在重启监控进程...
2026-05-09 15:16:35,387 - INFO - 监控进程重启完成
2026-05-09 15:16:35,387 - INFO - 等待10分钟收集数据...
2026-05-09 15:26:35,388 - INFO - 参数组合 {'macd_fast': 10, 'macd_slow': 22, 'macd_signal': 7, 'volume_multiplier': 1.8} 得分: nan, 胜率: 0.00%
2026-05-09 15:26:35,388 - INFO - 测试第 3/3 组参数: {'macd_fast': 14, 'macd_slow': 30, 'macd_signal': 10, 'volume_multiplier': 2.0}
2026-05-09 15:26:35,388 - INFO - 生成新配置参数: {'macd_fast': 14, 'macd_slow': 30, 'macd_signal': 10, 'volume_multiplier': 2.0}
2026-05-09 15:26:35,389 - INFO - 正在重启监控进程...
2026-05-09 15:26:49,031 - INFO - 监控进程重启完成
2026-05-09 15:26:49,031 - INFO - 等待10分钟收集数据...
2026-05-09 15:36:49,032 - INFO - 参数组合 {'macd_fast': 14, 'macd_slow': 30, 'macd_signal': 10, 'volume_multiplier': 2.0} 得分: nan, 胜率: 0.00%
2026-05-09 15:36:49,033 - INFO - 最佳参数组合: {}, 得分: 0.0000
2026-05-09 15:36:49,033 - INFO - 自动探索买入策略程序完成
