2026-05-12 09:23:06,972 - INFO - ============================================================
2026-05-12 09:23:06,973 - INFO - BOLL + PSY 实时信号交叉搜索探索 v2
2026-05-12 09:23:06,973 - INFO - ============================================================
2026-05-12 09:23:06,973 - INFO - 测试日期范围: 2026-03-30 ~ 2026-04-22
2026-05-12 09:23:06,973 - INFO - 监控代码: ['512880', '513050', '159915', '513310', '513080']...
2026-05-12 09:23:06,974 - INFO - 
--- 分析代码: 512880 ---
2026-05-12 09:23:06,974 - INFO - 测试参数组合 1/6: min_score=65
2026-05-12 09:23:07,343 - INFO -   胜率: 0.00%, 盈亏比: 0.00, 得分: 0.0000
2026-05-12 09:23:07,343 - INFO - 测试参数组合 2/6: min_score=55
2026-05-12 09:23:07,670 - INFO -   胜率: 0.00%, 盈亏比: 0.00, 得分: 0.0000
2026-05-12 09:23:07,670 - INFO - 测试参数组合 3/6: min_score=60
2026-05-12 09:23:07,979 - INFO -   胜率: 0.00%, 盈亏比: 0.00, 得分: 0.0000
2026-05-12 09:23:07,979 - INFO - 测试参数组合 4/6: min_score=70
2026-05-12 09:23:08,308 - INFO -   胜率: 0.00%, 盈亏比: 0.00, 得分: 0.0000
2026-05-12 09:23:08,308 - INFO - 测试参数组合 5/6: min_score=58
2026-05-12 09:23:08,676 - INFO -   胜率: 0.00%, 盈亏比: 0.00, 得分: 0.0000
2026-05-12 09:23:08,676 - INFO - 测试参数组合 6/6: min_score=62
2026-05-12 09:23:08,982 - INFO -   胜率: 0.00%, 盈亏比: 0.00, 得分: 0.0000
2026-05-12 09:23:08,982 - INFO - 最佳参数: {'boll_period': 20, 'boll_std': 2.0, 'psy_period': 12, 'psy_oversold': 30, 'rsi_min_for_boll_entry': 50, 'rsi_max_for_boll_entry': 70, 'min_entry_score': 65, 'boll_lower_touch_pct': 0.03, 'boll_mid_support_pct': 0.015}
2026-05-12 09:23:08,982 - INFO - 最佳结果: 胜率=0.00%, 盈亏比=0.00, 累计=0.00%
2026-05-12 09:23:08,982 - INFO - 
--- 分析代码: 513050 ---
2026-05-12 09:23:08,982 - INFO - 测试参数组合 1/6: min_score=65
2026-05-12 09:23:09,293 - INFO -   胜率: 0.00%, 盈亏比: 0.00, 得分: 0.0000
2026-05-12 09:23:09,293 - INFO - 测试参数组合 2/6: min_score=55
2026-05-12 09:23:09,611 - INFO -   胜率: 0.00%, 盈亏比: 0.00, 得分: 0.0000
2026-05-12 09:23:09,611 - INFO - 测试参数组合 3/6: min_score=60
2026-05-12 09:23:09,919 - INFO -   胜率: 0.00%, 盈亏比: 0.00, 得分: 0.0000
2026-05-12 09:23:09,920 - INFO - 测试参数组合 4/6: min_score=70
2026-05-12 09:23:10,216 - INFO -   胜率: 0.00%, 盈亏比: 0.00, 得分: 0.0000
2026-05-12 09:23:10,216 - INFO - 测试参数组合 5/6: min_score=58
2026-05-12 09:23:10,526 - INFO -   胜率: 0.00%, 盈亏比: 0.00, 得分: 0.0000
2026-05-12 09:23:10,526 - INFO - 测试参数组合 6/6: min_score=62
2026-05-12 09:23:10,816 - INFO -   胜率: 0.00%, 盈亏比: 0.00, 得分: 0.0000
2026-05-12 09:23:10,816 - INFO - 最佳参数: {'boll_period': 20, 'boll_std': 2.0, 'psy_period': 12, 'psy_oversold': 30, 'rsi_min_for_boll_entry': 50, 'rsi_max_for_boll_entry': 70, 'min_entry_score': 65, 'boll_lower_touch_pct': 0.03, 'boll_mid_support_pct': 0.015}
2026-05-12 09:23:10,816 - INFO - 最佳结果: 胜率=0.00%, 盈亏比=0.00, 累计=0.00%
2026-05-12 09:23:10,817 - INFO - 
--- 分析代码: 159915 ---
2026-05-12 09:23:10,817 - INFO - 测试参数组合 1/6: min_score=65
2026-05-12 09:23:11,132 - INFO -   胜率: 0.00%, 盈亏比: 0.00, 得分: 0.0000
2026-05-12 09:23:11,132 - INFO - 测试参数组合 2/6: min_score=55
2026-05-12 09:23:11,427 - INFO -   胜率: 0.00%, 盈亏比: 0.00, 得分: 0.0000
2026-05-12 09:23:11,428 - INFO - 测试参数组合 3/6: min_score=60
2026-05-12 09:23:11,722 - INFO -   胜率: 0.00%, 盈亏比: 0.00, 得分: 0.0000
2026-05-12 09:23:11,722 - INFO - 测试参数组合 4/6: min_score=70
2026-05-12 09:23:12,001 - INFO -   胜率: 0.00%, 盈亏比: 0.00, 得分: 0.0000
2026-05-12 09:23:12,001 - INFO - 测试参数组合 5/6: min_score=58
2026-05-12 09:23:12,301 - INFO -   胜率: 0.00%, 盈亏比: 0.00, 得分: 0.0000
2026-05-12 09:23:12,301 - INFO - 测试参数组合 6/6: min_score=62
2026-05-12 09:23:12,603 - INFO -   胜率: 0.00%, 盈亏比: 0.00, 得分: 0.0000
2026-05-12 09:23:12,604 - INFO - 最佳参数: {'boll_period': 20, 'boll_std': 2.0, 'psy_period': 12, 'psy_oversold': 30, 'rsi_min_for_boll_entry': 50, 'rsi_max_for_boll_entry': 70, 'min_entry_score': 65, 'boll_lower_touch_pct': 0.03, 'boll_mid_support_pct': 0.015}
2026-05-12 09:23:12,604 - INFO - 最佳结果: 胜率=0.00%, 盈亏比=0.00, 累计=0.00%
2026-05-12 09:23:12,604 - INFO - 
============================================================
2026-05-12 09:23:12,604 - INFO - 探索结果汇总
2026-05-12 09:23:12,604 - INFO - ============================================================
2026-05-12 09:23:12,604 - INFO - 结果已保存: /home/node/.openclaw/workspace/skills/fund-monitor/logs/boll_psy_search_results.json
2026-05-12 09:23:12,604 - INFO - 
--- 策略建议 ---
2026-05-12 09:23:12,604 - INFO - 
探索完成
2026-05-12 09:26:34,941 - INFO - ============================================================
2026-05-12 09:26:34,941 - INFO - BOLL + PSY 实时信号交叉搜索探索 v3
2026-05-12 09:26:34,941 - INFO - ============================================================
2026-05-12 09:26:34,941 - INFO - 测试日期范围: 2026-03-30 ~ 2026-04-22
2026-05-12 09:26:34,941 - INFO - 监控代码: ['512880', '513050', '159915', '513310', '513080']...
2026-05-12 09:26:34,941 - INFO - 
--- 分析代码: 512880 ---
2026-05-12 09:26:34,941 - INFO - 测试组合 1/8: min_score=65 psy_os=30
2026-05-12 09:26:35,218 - INFO -   信号:2 完成:1 胜率:0.00% 盈亏比:0.00 得分:0.0000
2026-05-12 09:26:35,218 - INFO - 测试组合 2/8: min_score=50 psy_os=25
2026-05-12 09:26:35,507 - INFO -   信号:2 完成:1 胜率:0.00% 盈亏比:0.00 得分:0.0000
2026-05-12 09:26:35,507 - INFO - 测试组合 3/8: min_score=55 psy_os=30
2026-05-12 09:26:35,862 - INFO -   信号:2 完成:1 胜率:0.00% 盈亏比:0.00 得分:0.0000
2026-05-12 09:26:35,862 - INFO - 测试组合 4/8: min_score=70 psy_os=35
2026-05-12 09:26:36,166 - INFO -   信号:2 完成:1 胜率:0.00% 盈亏比:0.00 得分:0.0000
2026-05-12 09:26:36,166 - INFO - 测试组合 5/8: min_score=55 psy_os=28
2026-05-12 09:26:36,485 - INFO -   信号:2 完成:1 胜率:0.00% 盈亏比:0.00 得分:0.0000
2026-05-12 09:26:36,486 - INFO - 测试组合 6/8: min_score=60 psy_os=32
2026-05-12 09:26:36,774 - INFO -   信号:2 完成:1 胜率:0.00% 盈亏比:0.00 得分:0.0000
2026-05-12 09:26:36,775 - INFO - 测试组合 7/8: min_score=45 psy_os=30
2026-05-12 09:26:37,070 - INFO -   信号:2 完成:1 胜率:0.00% 盈亏比:0.00 得分:0.0000
2026-05-12 09:26:37,070 - INFO - 测试组合 8/8: min_score=50 psy_os=35
2026-05-12 09:26:37,372 - INFO -   信号:2 完成:1 胜率:0.00% 盈亏比:0.00 得分:0.0000
2026-05-12 09:26:37,372 - INFO - 最佳参数: {'boll_period': 20, 'boll_std': 2.0, 'psy_period': 12, 'psy_oversold': 30, 'rsi_min_for_boll_entry': 50, 'rsi_max_for_boll_entry': 70, 'min_entry_score': 65, 'boll_lower_touch_pct': 0.03, 'boll_mid_support_pct': 0.015}
2026-05-12 09:26:37,372 - INFO - 最佳结果: 信号=2, 完成=1, 胜率=0.00%, 盈亏比=0.00
2026-05-12 09:26:37,372 - INFO - 
--- 分析代码: 513050 ---
2026-05-12 09:26:37,372 - INFO - 测试组合 1/8: min_score=65 psy_os=30
2026-05-12 09:26:37,660 - INFO -   信号:1 完成:0 胜率:0.00% 盈亏比:0.00 得分:0.0000
2026-05-12 09:26:37,660 - INFO - 测试组合 2/8: min_score=50 psy_os=25
2026-05-12 09:26:37,951 - INFO -   信号:1 完成:0 胜率:0.00% 盈亏比:0.00 得分:0.0000
2026-05-12 09:26:37,952 - INFO - 测试组合 3/8: min_score=55 psy_os=30
2026-05-12 09:26:38,240 - INFO -   信号:1 完成:0 胜率:0.00% 盈亏比:0.00 得分:0.0000
2026-05-12 09:26:38,240 - INFO - 测试组合 4/8: min_score=70 psy_os=35
2026-05-12 09:26:38,689 - INFO -   信号:1 完成:0 胜率:0.00% 盈亏比:0.00 得分:0.0000
2026-05-12 09:26:38,698 - INFO - 测试组合 5/8: min_score=55 psy_os=28
2026-05-12 09:26:39,151 - INFO -   信号:1 完成:0 胜率:0.00% 盈亏比:0.00 得分:0.0000
2026-05-12 09:26:39,151 - INFO - 测试组合 6/8: min_score=60 psy_os=32
2026-05-12 09:26:39,444 - INFO -   信号:1 完成:0 胜率:0.00% 盈亏比:0.00 得分:0.0000
2026-05-12 09:26:39,444 - INFO - 测试组合 7/8: min_score=45 psy_os=30
2026-05-12 09:26:39,740 - INFO -   信号:1 完成:0 胜率:0.00% 盈亏比:0.00 得分:0.0000
2026-05-12 09:26:39,740 - INFO - 测试组合 8/8: min_score=50 psy_os=35
2026-05-12 09:26:40,034 - INFO -   信号:1 完成:0 胜率:0.00% 盈亏比:0.00 得分:0.0000
2026-05-12 09:26:40,034 - INFO - 最佳参数: {'boll_period': 20, 'boll_std': 2.0, 'psy_period': 12, 'psy_oversold': 30, 'rsi_min_for_boll_entry': 50, 'rsi_max_for_boll_entry': 70, 'min_entry_score': 65, 'boll_lower_touch_pct': 0.03, 'boll_mid_support_pct': 0.015}
2026-05-12 09:26:40,034 - INFO - 最佳结果: 信号=1, 完成=0, 胜率=0.00%, 盈亏比=0.00
2026-05-12 09:26:40,034 - INFO - 
--- 分析代码: 159915 ---
2026-05-12 09:26:40,034 - INFO - 测试组合 1/8: min_score=65 psy_os=30
2026-05-12 09:26:40,321 - INFO -   信号:3 完成:2 胜率:0.00% 盈亏比:0.00 得分:0.0000
2026-05-12 09:26:40,321 - INFO - 测试组合 2/8: min_score=50 psy_os=25
2026-05-12 09:26:40,914 - INFO -   信号:3 完成:2 胜率:0.00% 盈亏比:0.00 得分:0.0000
2026-05-12 09:26:40,914 - INFO - 测试组合 3/8: min_score=55 psy_os=30
2026-05-12 09:26:41,231 - INFO -   信号:3 完成:2 胜率:0.00% 盈亏比:0.00 得分:0.0000
2026-05-12 09:26:41,231 - INFO - 测试组合 4/8: min_score=70 psy_os=35
2026-05-12 09:26:41,534 - INFO -   信号:3 完成:2 胜率:0.00% 盈亏比:0.00 得分:0.0000
2026-05-12 09:26:41,534 - INFO - 测试组合 5/8: min_score=55 psy_os=28
2026-05-12 09:26:41,861 - INFO -   信号:3 完成:2 胜率:0.00% 盈亏比:0.00 得分:0.0000
2026-05-12 09:26:41,861 - INFO - 测试组合 6/8: min_score=60 psy_os=32
2026-05-12 09:26:42,172 - INFO -   信号:3 完成:2 胜率:0.00% 盈亏比:0.00 得分:0.0000
2026-05-12 09:26:42,172 - INFO - 测试组合 7/8: min_score=45 psy_os=30
2026-05-12 09:26:42,492 - INFO -   信号:3 完成:2 胜率:0.00% 盈亏比:0.00 得分:0.0000
2026-05-12 09:26:42,492 - INFO - 测试组合 8/8: min_score=50 psy_os=35
2026-05-12 09:26:42,795 - INFO -   信号:3 完成:2 胜率:0.00% 盈亏比:0.00 得分:0.0000
2026-05-12 09:26:42,795 - INFO - 最佳参数: {'boll_period': 20, 'boll_std': 2.0, 'psy_period': 12, 'psy_oversold': 30, 'rsi_min_for_boll_entry': 50, 'rsi_max_for_boll_entry': 70, 'min_entry_score': 65, 'boll_lower_touch_pct': 0.03, 'boll_mid_support_pct': 0.015}
2026-05-12 09:26:42,795 - INFO - 最佳结果: 信号=3, 完成=2, 胜率=0.00%, 盈亏比=0.00
2026-05-12 09:26:42,795 - INFO - 
--- 分析代码: 513310 ---
2026-05-12 09:26:42,796 - INFO - 测试组合 1/8: min_score=65 psy_os=30
2026-05-12 09:26:43,118 - INFO -   信号:5 完成:4 胜率:0.00% 盈亏比:0.00 得分:0.0000
2026-05-12 09:26:43,118 - INFO - 测试组合 2/8: min_score=50 psy_os=25
2026-05-12 09:26:43,405 - INFO -   信号:5 完成:4 胜率:0.00% 盈亏比:0.00 得分:0.0000
2026-05-12 09:26:43,405 - INFO - 测试组合 3/8: min_score=55 psy_os=30
2026-05-12 09:26:43,734 - INFO -   信号:5 完成:4 胜率:0.00% 盈亏比:0.00 得分:0.0000
2026-05-12 09:26:43,734 - INFO - 测试组合 4/8: min_score=70 psy_os=35
2026-05-12 09:26:44,021 - INFO -   信号:5 完成:4 胜率:0.00% 盈亏比:0.00 得分:0.0000
2026-05-12 09:26:44,021 - INFO - 测试组合 5/8: min_score=55 psy_os=28
2026-05-12 09:26:44,342 - INFO -   信号:5 完成:4 胜率:0.00% 盈亏比:0.00 得分:0.0000
2026-05-12 09:26:44,344 - INFO - 测试组合 6/8: min_score=60 psy_os=32
2026-05-12 09:26:44,662 - INFO -   信号:5 完成:4 胜率:0.00% 盈亏比:0.00 得分:0.0000
2026-05-12 09:26:44,663 - INFO - 测试组合 7/8: min_score=45 psy_os=30
2026-05-12 09:26:45,050 - INFO -   信号:5 完成:4 胜率:0.00% 盈亏比:0.00 得分:0.0000
2026-05-12 09:26:45,050 - INFO - 测试组合 8/8: min_score=50 psy_os=35
2026-05-12 09:26:45,353 - INFO -   信号:5 完成:4 胜率:0.00% 盈亏比:0.00 得分:0.0000
2026-05-12 09:26:45,353 - INFO - 最佳参数: {'boll_period': 20, 'boll_std': 2.0, 'psy_period': 12, 'psy_oversold': 30, 'rsi_min_for_boll_entry': 50, 'rsi_max_for_boll_entry': 70, 'min_entry_score': 65, 'boll_lower_touch_pct': 0.03, 'boll_mid_support_pct': 0.015}
2026-05-12 09:26:45,353 - INFO - 最佳结果: 信号=5, 完成=4, 胜率=0.00%, 盈亏比=0.00
2026-05-12 09:26:45,353 - INFO - 
============================================================
2026-05-12 09:26:45,353 - INFO - 探索结果汇总
2026-05-12 09:26:45,353 - INFO - ============================================================
2026-05-12 09:26:45,354 - INFO - 结果已保存: /home/node/.openclaw/workspace/skills/fund-monitor/logs/boll_psy_search_results.json
2026-05-12 09:26:45,354 - INFO - 
--- 策略建议 ---
2026-05-12 09:26:45,354 - INFO - 暂无有效交易信号，建议降低 min_entry_score 阈值
2026-05-12 09:26:45,354 - INFO - 
探索完成
2026-05-12 09:31:40,803 - INFO - ============================================================
2026-05-12 09:31:40,804 - INFO - BOLL + PSY 实时信号交叉搜索探索 v4 (完整数据版)
2026-05-12 09:31:40,804 - INFO - ============================================================
2026-05-12 09:31:41,429 - ERROR - 探索出错: list index out of range
Traceback (most recent call last):
  File "/home/node/.openclaw/workspace/scripts/fund_monitor_boll_psy_v4.py", line 755, in <module>
    result = main()
             ^^^^^^
  File "/home/node/.openclaw/workspace/scripts/fund_monitor_boll_psy_v4.py", line 685, in main
    date_range = (sorted_dates[-15], sorted_dates[-1])  # 最近15天
                  ~~~~~~~~~~~~^^^^^
IndexError: list index out of range
2026-05-12 15:19:34,616 - INFO - ============================================================
2026-05-12 15:19:34,618 - INFO - BOLL + PSY 实时信号交叉搜索探索 v4 (完整数据版)
2026-05-12 15:19:34,618 - INFO - ============================================================
2026-05-12 15:19:35,175 - ERROR - 探索出错: list index out of range
Traceback (most recent call last):
  File "/home/node/.openclaw/workspace/scripts/fund_monitor_boll_psy_v4.py", line 755, in <module>
    result = main()
             ^^^^^^
  File "/home/node/.openclaw/workspace/scripts/fund_monitor_boll_psy_v4.py", line 685, in main
    date_range = (sorted_dates[-15], sorted_dates[-1])  # 最近15天
                  ~~~~~~~~~~~~^^^^^
IndexError: list index out of range
